<?xml version="1.0" encoding="UTF-8"?>
<testng-results skipped="3" failed="0" total="6" passed="3">
  <reporter-output>
  </reporter-output>
  <suite name="Suite" duration-ms="68030" started-at="2021-09-17T05:52:13Z" finished-at="2021-09-17T05:53:21Z">
    <groups>
      <group name="RegressionSuite">
        <method signature="TC_03_CreateOrganizationWithIndustry.createOrganizationWithIndustryTest()[pri:0, instance:com.crm.vtiger.organizationtest.TC_03_CreateOrganizationWithIndustry@5ec0a365]" name="createOrganizationWithIndustryTest" class="com.crm.vtiger.organizationtest.TC_03_CreateOrganizationWithIndustry"/>
        <method signature="TC_05_CreateOrganizationWithType.createOrganizationWithTypeTest()[pri:0, instance:com.crm.vtiger.organizationtest.TC_05_CreateOrganizationWithType@5383967b]" name="createOrganizationWithTypeTest" class="com.crm.vtiger.organizationtest.TC_05_CreateOrganizationWithType"/>
      </group> <!-- RegressionSuite -->
      <group name="SmokeSuite">
        <method signature="TC_01_CreateOrganization.createOrganisationTest()[pri:0, instance:com.crm.vtiger.organizationtest.TC_01_CreateOrganization@4fe3c938]" name="createOrganisationTest" class="com.crm.vtiger.organizationtest.TC_01_CreateOrganization"/>
        <method signature="TC_02_VerifyIndustryDropdown.verifyIndustryDropdownTest()[pri:0, instance:com.crm.vtiger.organizationtest.TC_02_VerifyIndustryDropdown@78c03f1f]" name="verifyIndustryDropdownTest" class="com.crm.vtiger.organizationtest.TC_02_VerifyIndustryDropdown"/>
        <method signature="TC_04_VerifyTypeDropdown.verifyTypeDropdownTest()[pri:0, instance:com.crm.vtiger.organizationtest.TC_04_VerifyTypeDropdown@5ce81285]" name="verifyTypeDropdownTest" class="com.crm.vtiger.organizationtest.TC_04_VerifyTypeDropdown"/>
      </group> <!-- SmokeSuite -->
    </groups>
    <test name="Test" duration-ms="68030" started-at="2021-09-17T05:52:13Z" finished-at="2021-09-17T05:53:21Z">
      <class name="com.crm.vtiger.organizationtest.TC_03_CreateOrganizationWithIndustry">
        <test-method status="PASS" signature="launchBrowser()[pri:0, instance:com.crm.vtiger.organizationtest.TC_03_CreateOrganizationWithIndustry@5ec0a365]" name="launchBrowser" is-config="true" duration-ms="4732" started-at="2021-09-17T11:22:47Z" finished-at="2021-09-17T11:22:52Z">
          <reporter-output>
          </reporter-output>
        </test-method> <!-- launchBrowser -->
        <test-method status="PASS" signature="login()[pri:0, instance:com.crm.vtiger.organizationtest.TC_03_CreateOrganizationWithIndustry@5ec0a365]" name="login" is-config="true" duration-ms="4280" started-at="2021-09-17T11:22:52Z" finished-at="2021-09-17T11:22:56Z">
          <reporter-output>
          </reporter-output>
        </test-method> <!-- login -->
        <test-method status="PASS" signature="createOrganizationWithIndustryTest()[pri:0, instance:com.crm.vtiger.organizationtest.TC_03_CreateOrganizationWithIndustry@5ec0a365]" name="createOrganizationWithIndustryTest" duration-ms="8963" started-at="2021-09-17T11:22:56Z" finished-at="2021-09-17T11:23:05Z">
          <reporter-output>
          </reporter-output>
        </test-method> <!-- createOrganizationWithIndustryTest -->
        <test-method status="PASS" signature="logout()[pri:0, instance:com.crm.vtiger.organizationtest.TC_03_CreateOrganizationWithIndustry@5ec0a365]" name="logout" is-config="true" duration-ms="1537" started-at="2021-09-17T11:23:05Z" finished-at="2021-09-17T11:23:07Z">
          <reporter-output>
          </reporter-output>
        </test-method> <!-- logout -->
        <test-method status="PASS" signature="closeBrowser()[pri:0, instance:com.crm.vtiger.organizationtest.TC_03_CreateOrganizationWithIndustry@5ec0a365]" name="closeBrowser" is-config="true" duration-ms="626" started-at="2021-09-17T11:23:07Z" finished-at="2021-09-17T11:23:07Z">
          <reporter-output>
          </reporter-output>
        </test-method> <!-- closeBrowser -->
      </class> <!-- com.crm.vtiger.organizationtest.TC_03_CreateOrganizationWithIndustry -->
      <class name="com.crm.vtiger.organizationtest.TC_05_CreateOrganizationWithType">
        <test-method status="SKIP" signature="launchBrowser()[pri:0, instance:com.crm.vtiger.organizationtest.TC_05_CreateOrganizationWithType@5383967b]" name="launchBrowser" is-config="true" duration-ms="0" started-at="2021-09-17T11:23:21Z" finished-at="2021-09-17T11:23:21Z">
          <reporter-output>
          </reporter-output>
        </test-method> <!-- launchBrowser -->
        <test-method status="SKIP" signature="login()[pri:0, instance:com.crm.vtiger.organizationtest.TC_05_CreateOrganizationWithType@5383967b]" name="login" is-config="true" duration-ms="0" started-at="2021-09-17T11:23:21Z" finished-at="2021-09-17T11:23:21Z">
          <reporter-output>
          </reporter-output>
        </test-method> <!-- login -->
        <test-method status="SKIP" signature="createOrganizationWithTypeTest()[pri:0, instance:com.crm.vtiger.organizationtest.TC_05_CreateOrganizationWithType@5383967b]" name="createOrganizationWithTypeTest" duration-ms="1" started-at="2021-09-17T11:23:21Z" finished-at="2021-09-17T11:23:21Z">
          <reporter-output>
          </reporter-output>
        </test-method> <!-- createOrganizationWithTypeTest -->
        <test-method status="SKIP" signature="logout()[pri:0, instance:com.crm.vtiger.organizationtest.TC_05_CreateOrganizationWithType@5383967b]" name="logout" is-config="true" duration-ms="0" started-at="2021-09-17T11:23:21Z" finished-at="2021-09-17T11:23:21Z">
          <reporter-output>
          </reporter-output>
        </test-method> <!-- logout -->
        <test-method status="SKIP" signature="closeBrowser()[pri:0, instance:com.crm.vtiger.organizationtest.TC_05_CreateOrganizationWithType@5383967b]" name="closeBrowser" is-config="true" duration-ms="0" started-at="2021-09-17T11:23:21Z" finished-at="2021-09-17T11:23:21Z">
          <reporter-output>
          </reporter-output>
        </test-method> <!-- closeBrowser -->
      </class> <!-- com.crm.vtiger.organizationtest.TC_05_CreateOrganizationWithType -->
      <class name="com.crm.vtiger.organizationtest.TC_01_CreateOrganization">
        <test-method status="PASS" signature="launchBrowser()[pri:0, instance:com.crm.vtiger.organizationtest.TC_01_CreateOrganization@4fe3c938]" name="launchBrowser" is-config="true" duration-ms="3901" started-at="2021-09-17T11:23:07Z" finished-at="2021-09-17T11:23:11Z">
          <reporter-output>
          </reporter-output>
        </test-method> <!-- launchBrowser -->
        <test-method status="PASS" signature="login()[pri:0, instance:com.crm.vtiger.organizationtest.TC_01_CreateOrganization@4fe3c938]" name="login" is-config="true" duration-ms="5225" started-at="2021-09-17T11:23:11Z" finished-at="2021-09-17T11:23:17Z">
          <reporter-output>
          </reporter-output>
        </test-method> <!-- login -->
        <test-method status="SKIP" signature="createOrganisationTest()[pri:0, instance:com.crm.vtiger.organizationtest.TC_01_CreateOrganization@4fe3c938]" name="createOrganisationTest" duration-ms="4683" started-at="2021-09-17T11:23:17Z" finished-at="2021-09-17T11:23:21Z">
          <exception class="org.openqa.selenium.NoSuchElementException">
            <message>
              <![CDATA[Cannot locate an element using name=Edit
For documentation on this error, please visit: https://www.seleniumhq.org/exceptions/no_such_element.html
Build info: version: '3.141.59', revision: 'e82be7d358', time: '2018-11-14T08:17:03'
System info: host: 'DESKTOP-QGEJ1IM', ip: '192.168.185.2', os.name: 'Windows 10', os.arch: 'amd64', os.version: '10.0', java.version: '1.8.0_301'
Driver info: driver.version: RemoteWebDriver]]>
            </message>
            <full-stacktrace>
              <![CDATA[org.openqa.selenium.NoSuchElementException: Cannot locate an element using name=Edit
For documentation on this error, please visit: https://www.seleniumhq.org/exceptions/no_such_element.html
Build info: version: '3.141.59', revision: 'e82be7d358', time: '2018-11-14T08:17:03'
System info: host: 'DESKTOP-QGEJ1IM', ip: '192.168.185.2', os.name: 'Windows 10', os.arch: 'amd64', os.version: '10.0', java.version: '1.8.0_301'
Driver info: driver.version: RemoteWebDriver
	at org.openqa.selenium.remote.RemoteWebDriver.findElement(RemoteWebDriver.java:327)
	at org.openqa.selenium.remote.RemoteWebDriver.findElementByName(RemoteWebDriver.java:404)
	at org.openqa.selenium.By$ByName.findElement(By.java:284)
	at org.openqa.selenium.remote.RemoteWebDriver.findElement(RemoteWebDriver.java:315)
	at com.crm.vtiger.organizationtest.TC_01_CreateOrganization.createOrganisationTest(TC_01_CreateOrganization.java:31)
	at sun.reflect.NativeMethodAccessorImpl.invoke0(Native Method)
	at sun.reflect.NativeMethodAccessorImpl.invoke(NativeMethodAccessorImpl.java:62)
	at sun.reflect.DelegatingMethodAccessorImpl.invoke(DelegatingMethodAccessorImpl.java:43)
	at java.lang.reflect.Method.invoke(Method.java:498)
	at org.testng.internal.MethodInvocationHelper.invokeMethod(MethodInvocationHelper.java:86)
	at org.testng.internal.Invoker.invokeMethod(Invoker.java:643)
	at org.testng.internal.Invoker.invokeTestMethod(Invoker.java:820)
	at org.testng.internal.Invoker.invokeTestMethods(Invoker.java:1128)
	at org.testng.internal.TestMethodWorker.invokeTestMethods(TestMethodWorker.java:129)
	at org.testng.internal.TestMethodWorker.run(TestMethodWorker.java:112)
	at org.testng.TestRunner.privateRun(TestRunner.java:782)
	at org.testng.TestRunner.run(TestRunner.java:632)
	at org.testng.SuiteRunner.runTest(SuiteRunner.java:366)
	at org.testng.SuiteRunner.runSequentially(SuiteRunner.java:361)
	at org.testng.SuiteRunner.privateRun(SuiteRunner.java:319)
	at org.testng.SuiteRunner.run(SuiteRunner.java:268)
	at org.testng.SuiteRunnerWorker.runSuite(SuiteRunnerWorker.java:52)
	at org.testng.SuiteRunnerWorker.run(SuiteRunnerWorker.java:86)
	at org.testng.TestNG.runSuitesSequentially(TestNG.java:1244)
	at org.testng.TestNG.runSuitesLocally(TestNG.java:1169)
	at org.testng.TestNG.run(TestNG.java:1064)
	at org.testng.remote.AbstractRemoteTestNG.run(AbstractRemoteTestNG.java:132)
	at org.testng.remote.RemoteTestNG.initAndRun(RemoteTestNG.java:230)
	at org.testng.remote.RemoteTestNG.main(RemoteTestNG.java:76)
]]>
            </full-stacktrace>
          </exception> <!-- org.openqa.selenium.NoSuchElementException -->
          <reporter-output>
          </reporter-output>
        </test-method> <!-- createOrganisationTest -->
        <test-method status="FAIL" signature="logout()[pri:0, instance:com.crm.vtiger.organizationtest.TC_01_CreateOrganization@4fe3c938]" name="logout" is-config="true" duration-ms="0" started-at="2021-09-17T11:23:21Z" finished-at="2021-09-17T11:23:21Z">
          <exception class="org.openqa.selenium.UnhandledAlertException">
            <message>
              <![CDATA[unexpected alert open: {Alert text : Organization Name Already Exists!}
  (Session info: chrome=93.0.4577.63): Organization Name Already Exists!
Build info: version: '3.141.59', revision: 'e82be7d358', time: '2018-11-14T08:17:03'
System info: host: 'DESKTOP-QGEJ1IM', ip: '192.168.185.2', os.name: 'Windows 10', os.arch: 'amd64', os.version: '10.0', java.version: '1.8.0_301'
Driver info: org.openqa.selenium.chrome.ChromeDriver
Capabilities {acceptInsecureCerts: false, browserName: chrome, browserVersion: 93.0.4577.63, chrome: {chromedriverVersion: 93.0.4577.15 (660fc11082ba5..., userDataDir: C:\Users\shubh\AppData\Loca...}, goog:chromeOptions: {debuggerAddress: localhost:61290}, javascriptEnabled: true, networkConnectionEnabled: false, pageLoadStrategy: normal, platform: WINDOWS, platformName: WINDOWS, proxy: Proxy(), setWindowRect: true, strictFileInteractability: false, timeouts: {implicit: 0, pageLoad: 300000, script: 30000}, unhandledPromptBehavior: dismiss and notify, webauthn:extension:credBlob: true, webauthn:extension:largeBlob: true, webauthn:virtualAuthenticators: true}
Session ID: 867e0ab3892ae4e6b11191cd7d235dd8
*** Element info: {Using=xpath, value=//img[@src='themes/softed/images/user.PNG']}]]>
            </message>
            <full-stacktrace>
              <![CDATA[org.openqa.selenium.UnhandledAlertException: unexpected alert open: {Alert text : Organization Name Already Exists!}
  (Session info: chrome=93.0.4577.63): Organization Name Already Exists!
Build info: version: '3.141.59', revision: 'e82be7d358', time: '2018-11-14T08:17:03'
System info: host: 'DESKTOP-QGEJ1IM', ip: '192.168.185.2', os.name: 'Windows 10', os.arch: 'amd64', os.version: '10.0', java.version: '1.8.0_301'
Driver info: org.openqa.selenium.chrome.ChromeDriver
Capabilities {acceptInsecureCerts: false, browserName: chrome, browserVersion: 93.0.4577.63, chrome: {chromedriverVersion: 93.0.4577.15 (660fc11082ba5..., userDataDir: C:\Users\shubh\AppData\Loca...}, goog:chromeOptions: {debuggerAddress: localhost:61290}, javascriptEnabled: true, networkConnectionEnabled: false, pageLoadStrategy: normal, platform: WINDOWS, platformName: WINDOWS, proxy: Proxy(), setWindowRect: true, strictFileInteractability: false, timeouts: {implicit: 0, pageLoad: 300000, script: 30000}, unhandledPromptBehavior: dismiss and notify, webauthn:extension:credBlob: true, webauthn:extension:largeBlob: true, webauthn:virtualAuthenticators: true}
Session ID: 867e0ab3892ae4e6b11191cd7d235dd8
*** Element info: {Using=xpath, value=//img[@src='themes/softed/images/user.PNG']}
	at org.openqa.selenium.remote.http.W3CHttpResponseCodec.decode(W3CHttpResponseCodec.java:120)
	at org.openqa.selenium.remote.http.W3CHttpResponseCodec.decode(W3CHttpResponseCodec.java:49)
	at org.openqa.selenium.remote.HttpCommandExecutor.execute(HttpCommandExecutor.java:158)
	at org.openqa.selenium.remote.service.DriverCommandExecutor.execute(DriverCommandExecutor.java:83)
	at org.openqa.selenium.remote.RemoteWebDriver.execute(RemoteWebDriver.java:552)
	at org.openqa.selenium.remote.RemoteWebDriver.findElement(RemoteWebDriver.java:323)
	at org.openqa.selenium.remote.RemoteWebDriver.findElementByXPath(RemoteWebDriver.java:428)
	at org.openqa.selenium.By$ByXPath.findElement(By.java:353)
	at org.openqa.selenium.remote.RemoteWebDriver.findElement(RemoteWebDriver.java:315)
	at org.openqa.selenium.support.pagefactory.DefaultElementLocator.findElement(DefaultElementLocator.java:69)
	at org.openqa.selenium.support.pagefactory.internal.LocatingElementHandler.invoke(LocatingElementHandler.java:38)
	at com.sun.proxy.$Proxy14.isDisplayed(Unknown Source)
	at org.openqa.selenium.support.ui.ExpectedConditions.elementIfVisible(ExpectedConditions.java:314)
	at org.openqa.selenium.support.ui.ExpectedConditions.access$000(ExpectedConditions.java:43)
	at org.openqa.selenium.support.ui.ExpectedConditions$10.apply(ExpectedConditions.java:300)
	at org.openqa.selenium.support.ui.ExpectedConditions$10.apply(ExpectedConditions.java:297)
	at org.openqa.selenium.support.ui.FluentWait.until(FluentWait.java:249)
	at com.crm.vtiger.genericutils.WebDriverUtility.waitForElementVisibility(WebDriverUtility.java:47)
	at com.crm.vtiger.elementrepository.HomePage.signOut(HomePage.java:80)
	at com.crm.vtiger.genericutils.BaseClass.logout(BaseClass.java:73)
	at sun.reflect.NativeMethodAccessorImpl.invoke0(Native Method)
	at sun.reflect.NativeMethodAccessorImpl.invoke(NativeMethodAccessorImpl.java:62)
	at sun.reflect.DelegatingMethodAccessorImpl.invoke(DelegatingMethodAccessorImpl.java:43)
	at java.lang.reflect.Method.invoke(Method.java:498)
	at org.testng.internal.MethodInvocationHelper.invokeMethod(MethodInvocationHelper.java:86)
	at org.testng.internal.Invoker.invokeConfigurationMethod(Invoker.java:514)
	at org.testng.internal.Invoker.invokeConfigurations(Invoker.java:215)
	at org.testng.internal.Invoker.invokeMethod(Invoker.java:707)
	at org.testng.internal.Invoker.invokeTestMethod(Invoker.java:820)
	at org.testng.internal.Invoker.invokeTestMethods(Invoker.java:1128)
	at org.testng.internal.TestMethodWorker.invokeTestMethods(TestMethodWorker.java:129)
	at org.testng.internal.TestMethodWorker.run(TestMethodWorker.java:112)
	at org.testng.TestRunner.privateRun(TestRunner.java:782)
	at org.testng.TestRunner.run(TestRunner.java:632)
	at org.testng.SuiteRunner.runTest(SuiteRunner.java:366)
	at org.testng.SuiteRunner.runSequentially(SuiteRunner.java:361)
	at org.testng.SuiteRunner.privateRun(SuiteRunner.java:319)
	at org.testng.SuiteRunner.run(SuiteRunner.java:268)
	at org.testng.SuiteRunnerWorker.runSuite(SuiteRunnerWorker.java:52)
	at org.testng.SuiteRunnerWorker.run(SuiteRunnerWorker.java:86)
	at org.testng.TestNG.runSuitesSequentially(TestNG.java:1244)
	at org.testng.TestNG.runSuitesLocally(TestNG.java:1169)
	at org.testng.TestNG.run(TestNG.java:1064)
	at org.testng.remote.AbstractRemoteTestNG.run(AbstractRemoteTestNG.java:132)
	at org.testng.remote.RemoteTestNG.initAndRun(RemoteTestNG.java:230)
	at org.testng.remote.RemoteTestNG.main(RemoteTestNG.java:76)
]]>
            </full-stacktrace>
          </exception> <!-- org.openqa.selenium.UnhandledAlertException -->
          <reporter-output>
          </reporter-output>
        </test-method> <!-- logout -->
        <test-method status="SKIP" signature="login()[pri:0, instance:com.crm.vtiger.organizationtest.TC_01_CreateOrganization@4fe3c938]" name="login" is-config="true" duration-ms="0" started-at="2021-09-17T11:23:21Z" finished-at="2021-09-17T11:23:21Z">
          <reporter-output>
          </reporter-output>
        </test-method> <!-- login -->
        <test-method status="SKIP" signature="createOrganisationTest()[pri:0, instance:com.crm.vtiger.organizationtest.TC_01_CreateOrganization@4fe3c938]" name="createOrganisationTest" duration-ms="1" started-at="2021-09-17T11:23:21Z" finished-at="2021-09-17T11:23:21Z">
          <reporter-output>
          </reporter-output>
        </test-method> <!-- createOrganisationTest -->
        <test-method status="SKIP" signature="logout()[pri:0, instance:com.crm.vtiger.organizationtest.TC_01_CreateOrganization@4fe3c938]" name="logout" is-config="true" duration-ms="0" started-at="2021-09-17T11:23:21Z" finished-at="2021-09-17T11:23:21Z">
          <reporter-output>
          </reporter-output>
        </test-method> <!-- logout -->
        <test-method status="SKIP" signature="closeBrowser()[pri:0, instance:com.crm.vtiger.organizationtest.TC_01_CreateOrganization@4fe3c938]" name="closeBrowser" is-config="true" duration-ms="0" started-at="2021-09-17T11:23:21Z" finished-at="2021-09-17T11:23:21Z">
          <reporter-output>
          </reporter-output>
        </test-method> <!-- closeBrowser -->
      </class> <!-- com.crm.vtiger.organizationtest.TC_01_CreateOrganization -->
      <class name="com.crm.vtiger.organizationtest.TC_04_VerifyTypeDropdown">
        <test-method status="PASS" signature="openDatabase()[pri:0, instance:com.crm.vtiger.organizationtest.TC_04_VerifyTypeDropdown@5ce81285]" name="openDatabase" is-config="true" duration-ms="6" started-at="2021-09-17T11:22:13Z" finished-at="2021-09-17T11:22:13Z">
          <reporter-output>
          </reporter-output>
        </test-method> <!-- openDatabase -->
        <test-method status="PASS" signature="launchBrowser()[pri:0, instance:com.crm.vtiger.organizationtest.TC_04_VerifyTypeDropdown@5ce81285]" name="launchBrowser" is-config="true" duration-ms="3824" started-at="2021-09-17T11:22:13Z" finished-at="2021-09-17T11:22:17Z">
          <reporter-output>
          </reporter-output>
        </test-method> <!-- launchBrowser -->
        <test-method status="PASS" signature="login()[pri:0, instance:com.crm.vtiger.organizationtest.TC_04_VerifyTypeDropdown@5ce81285]" name="login" is-config="true" duration-ms="2550" started-at="2021-09-17T11:22:17Z" finished-at="2021-09-17T11:22:20Z">
          <reporter-output>
          </reporter-output>
        </test-method> <!-- login -->
        <test-method status="PASS" signature="verifyTypeDropdownTest()[pri:0, instance:com.crm.vtiger.organizationtest.TC_04_VerifyTypeDropdown@5ce81285]" name="verifyTypeDropdownTest" duration-ms="4613" started-at="2021-09-17T11:22:20Z" finished-at="2021-09-17T11:22:24Z">
          <reporter-output>
          </reporter-output>
        </test-method> <!-- verifyTypeDropdownTest -->
        <test-method status="PASS" signature="logout()[pri:0, instance:com.crm.vtiger.organizationtest.TC_04_VerifyTypeDropdown@5ce81285]" name="logout" is-config="true" duration-ms="1273" started-at="2021-09-17T11:22:24Z" finished-at="2021-09-17T11:22:26Z">
          <reporter-output>
          </reporter-output>
        </test-method> <!-- logout -->
        <test-method status="PASS" signature="closeBrowser()[pri:0, instance:com.crm.vtiger.organizationtest.TC_04_VerifyTypeDropdown@5ce81285]" name="closeBrowser" is-config="true" duration-ms="670" started-at="2021-09-17T11:22:26Z" finished-at="2021-09-17T11:22:26Z">
          <reporter-output>
          </reporter-output>
        </test-method> <!-- closeBrowser -->
        <test-method status="SKIP" signature="closeDatabase()[pri:0, instance:com.crm.vtiger.organizationtest.TC_04_VerifyTypeDropdown@5ce81285]" name="closeDatabase" is-config="true" duration-ms="0" started-at="2021-09-17T11:23:22Z" finished-at="2021-09-17T11:23:22Z">
          <reporter-output>
          </reporter-output>
        </test-method> <!-- closeDatabase -->
      </class> <!-- com.crm.vtiger.organizationtest.TC_04_VerifyTypeDropdown -->
      <class name="com.crm.vtiger.organizationtest.TC_02_VerifyIndustryDropdown">
        <test-method status="PASS" signature="launchBrowser()[pri:0, instance:com.crm.vtiger.organizationtest.TC_02_VerifyIndustryDropdown@78c03f1f]" name="launchBrowser" is-config="true" duration-ms="6677" started-at="2021-09-17T11:22:26Z" finished-at="2021-09-17T11:22:33Z">
          <reporter-output>
          </reporter-output>
        </test-method> <!-- launchBrowser -->
        <test-method status="PASS" signature="login()[pri:0, instance:com.crm.vtiger.organizationtest.TC_02_VerifyIndustryDropdown@78c03f1f]" name="login" is-config="true" duration-ms="6373" started-at="2021-09-17T11:22:33Z" finished-at="2021-09-17T11:22:39Z">
          <reporter-output>
          </reporter-output>
        </test-method> <!-- login -->
        <test-method status="PASS" signature="verifyIndustryDropdownTest()[pri:0, instance:com.crm.vtiger.organizationtest.TC_02_VerifyIndustryDropdown@78c03f1f]" name="verifyIndustryDropdownTest" duration-ms="5836" started-at="2021-09-17T11:22:39Z" finished-at="2021-09-17T11:22:45Z">
          <reporter-output>
          </reporter-output>
        </test-method> <!-- verifyIndustryDropdownTest -->
        <test-method status="PASS" signature="logout()[pri:0, instance:com.crm.vtiger.organizationtest.TC_02_VerifyIndustryDropdown@78c03f1f]" name="logout" is-config="true" duration-ms="1431" started-at="2021-09-17T11:22:45Z" finished-at="2021-09-17T11:22:47Z">
          <reporter-output>
          </reporter-output>
        </test-method> <!-- logout -->
        <test-method status="PASS" signature="closeBrowser()[pri:0, instance:com.crm.vtiger.organizationtest.TC_02_VerifyIndustryDropdown@78c03f1f]" name="closeBrowser" is-config="true" duration-ms="644" started-at="2021-09-17T11:22:47Z" finished-at="2021-09-17T11:22:47Z">
          <reporter-output>
          </reporter-output>
        </test-method> <!-- closeBrowser -->
      </class> <!-- com.crm.vtiger.organizationtest.TC_02_VerifyIndustryDropdown -->
    </test> <!-- Test -->
  </suite> <!-- Suite -->
</testng-results>
